============================= test session starts ==============================
platform linux -- Python 3.8.2, pytest-6.1.2, py-1.9.0, pluggy-0.13.1 -- /home/dmertz/miniconda3/envs/INE/bin/python
cachedir: .pytest_cache
rootdir: /home/dmertz/git/INE/unittest/04-PyTest/Fractal
plugins: xdist-2.1.0, forked-1.2.0
collecting ... collected 1 item

test/test_failure.py::test_np_failA FAILED                               [100%]

=================================== FAILURES ===================================
________________________________ test_np_failA _________________________________

    def test_np_failA():
        a = np.ones(5, dtype=int)
        b = np.array([1, 1, 3, 0, 1], dtype=int)
>       assert (a == b).all()
E       assert False
E        +  where False = <built-in method all of numpy.ndarray object at 0x7f33b9a71ee0>()
E        +    where <built-in method all of numpy.ndarray object at 0x7f33b9a71ee0> = array([1, 1, 1, 1, 1]) == array([1, 1, 3, 0, 1])
E             +array([1, 1, 1, 1, 1])
E             -array([1, 1, 3, 0, 1])
E             Full diff:
E             - array([1, 1, 3, 0, 1])
E             ?              ^  ^
E             + array([1, 1, 1, 1, 1])
E             ?              ^  ^.all

test/test_failure.py:6: AssertionError
=========================== short test summary info ============================
FAILED test/test_failure.py::test_np_failA - assert False
============================== 1 failed in 0.16s ===============================
